Removed Member From Class: ClassName=Game_Consol_Top Member=C6
Removed Member From Class: ClassName=Game_Consol_Top Member=C7
Removed Member From Class: ClassName=Game_Consol_Top Member=C8
Removed Member From Class: ClassName=Game_Consol_Top Member=C9
Removed Member From Class: ClassName=Game_Consol_Power Member=C13
Removed Member From Class: ClassName=Game_Consol_Power Member=C14
Removed Member From Class: ClassName=Game_Consol_Power Member=C16
Change Component DesignItemId : Designator=C13 Old DesignItemId=C 1210 New DesignItemId=C 0805
Change Component DesignItemId : Designator=C14 Old DesignItemId=C 1210 New DesignItemId=C 0805
Change Component DesignItemId : Designator=C15 Old DesignItemId=C 1210 New DesignItemId=C 0805
Change Component DesignItemId : Designator=C21 Old DesignItemId=C 1210 New DesignItemId=C 0805
Change Component DesignItemId : Designator=C22 Old DesignItemId=C 1210 New DesignItemId=C 0805
Change Component Footprint: Designator=C13 Old Footprint=1210 New Footprint=0805
Change Component Footprint: Designator=C14 Old Footprint=1210 New Footprint=0805
Change Component Footprint: Designator=C15 Old Footprint=1210 New Footprint=0805
Change Component Footprint: Designator=C21 Old Footprint=1210 New Footprint=0805
Change Component Footprint: Designator=C22 Old Footprint=1210 New Footprint=0805
Added Member To Class: ClassName=Game_Consol_Power Member=Component C6 100nF
Added Member To Class: ClassName=Game_Consol_Power Member=Component C7 100nF
Added Member To Class: ClassName=Game_Consol_Power Member=Component C9 100nF
Added Member To Class: ClassName=Game_Consol_Top Member=Component C13 1uF
Added Member To Class: ClassName=Game_Consol_Top Member=Component C14 1uF
Added Member To Class: ClassName=Game_Consol_Top Member=Component C15 1uF
Added Member To Class: ClassName=Game_Consol_Top Member=Component C16 100nF
Added Member To Class: ClassName=Game_Consol_Top Member=Component R7 10k
