Added Component: Designator=BT1(BATT_HOLDER)
Added Component: Designator=C1(0805)
Added Component: Designator=C2(1210)
Added Component: Designator=C3(0805)
Added Component: Designator=C4(0805)
Added Component: Designator=C5(0805)
Added Component: Designator=C6(0805)
Added Component: Designator=C7(0805)
Added Component: Designator=C8(0805)
Added Component: Designator=C9(0805)
Added Component: Designator=C10(0805)
Added Component: Designator=C11(0805)
Added Component: Designator=C12(0805)
Added Component: Designator=C13(0805)
Added Component: Designator=C14(0805)
Added Component: Designator=C15(0805)
Added Component: Designator=C16(0805)
Added Component: Designator=C17(0805)
Added Component: Designator=C18(0805)
Added Component: Designator=C19(0805)
Added Component: Designator=C20(0805)
Added Component: Designator=C21(0805)
Added Component: Designator=C22(0805)
Added Component: Designator=C23(0805)
Added Component: Designator=C24(0805)
Added Component: Designator=C25(0805)
Added Component: Designator=D1(0805D)
Added Component: Designator=D2(0805D)
Added Component: Designator=J1(HDR1X2)
Added Component: Designator=J2(HDR1X2)
Added Component: Designator=J3(BOXEDVERT10)
Added Component: Designator=L1(1210L)
Added Component: Designator=L2(1210L)
Added Component: Designator=Q1(SOT23)
Added Component: Designator=R1(0805)
Added Component: Designator=R2(0805)
Added Component: Designator=R3(0805)
Added Component: Designator=R4(0805)
Added Component: Designator=R5(0805)
Added Component: Designator=R6(0805)
Added Component: Designator=R7(0805)
Added Component: Designator=R8(0805)
Added Component: Designator=R9(0805)
Added Component: Designator=R10(0805)
Added Component: Designator=R11(0805)
Added Component: Designator=R12(0805)
Added Component: Designator=R13(0805)
Added Component: Designator=R14(0805)
Added Component: Designator=S1(SPNO_SMD)
Added Component: Designator=S2(SPNO_SMD)
Added Component: Designator=S3(SPNO_SMD)
Added Component: Designator=S4(SPNO_SMD)
Added Component: Designator=S5(SPNO_SMD)
Added Component: Designator=S6(SPNO_SMD)
Added Component: Designator=S7(SPNO_SMD)
Added Component: Designator=S8(SPNO_SMD)
Added Component: Designator=S9(SPNO_SMD)
Added Component: Designator=U1(SOT23-6)
Added Component: Designator=U2(SOT23-5)
Added Component: Designator=U3(EA DOGS102x)
Added Component: Designator=U4(QFP-48)
Added Component: Designator=U5(SOIC-14)
Added Component: Designator=U6(SOIC-8)
Added Component: Designator=X1(XTAL_FLAT_SMD)
Added Pin To Net: NetName=1.5V Pin=BT1-1
Added Pin To Net: NetName=1.5V Pin=C1-1
Added Pin To Net: NetName=1.5V Pin=C4-1
Added Pin To Net: NetName=1.5V Pin=J1-1
Added Pin To Net: NetName=1.5V Pin=L1-2
Added Pin To Net: NetName=1.5V Pin=R1-1
Added Pin To Net: NetName=1.5V Pin=U1-1
Added Pin To Net: NetName=1.5V Pin=U2-5
Added Pin To Net: NetName=1.5V Pin=U4-32
Added Net: Name=1.5V
Added Pin To Net: NetName=3.3V Pin=C2-1
Added Pin To Net: NetName=3.3V Pin=C5-1
Added Pin To Net: NetName=3.3V Pin=C6-1
Added Pin To Net: NetName=3.3V Pin=C7-1
Added Pin To Net: NetName=3.3V Pin=C8-1
Added Pin To Net: NetName=3.3V Pin=C9-1
Added Pin To Net: NetName=3.3V Pin=C10-1
Added Pin To Net: NetName=3.3V Pin=C11-1
Added Pin To Net: NetName=3.3V Pin=J2-1
Added Pin To Net: NetName=3.3V Pin=J3-4
Added Pin To Net: NetName=3.3V Pin=J3-7
Added Pin To Net: NetName=3.3V Pin=L2-1
Added Pin To Net: NetName=3.3V Pin=R2-1
Added Pin To Net: NetName=3.3V Pin=R3-2
Added Pin To Net: NetName=3.3V Pin=R4-1
Added Pin To Net: NetName=3.3V Pin=R6-1
Added Pin To Net: NetName=3.3V Pin=R7-1
Added Pin To Net: NetName=3.3V Pin=R8-1
Added Pin To Net: NetName=3.3V Pin=R9-1
Added Pin To Net: NetName=3.3V Pin=R10-1
Added Pin To Net: NetName=3.3V Pin=R11-1
Added Pin To Net: NetName=3.3V Pin=R12-1
Added Pin To Net: NetName=3.3V Pin=R13-1
Added Pin To Net: NetName=3.3V Pin=R14-1
Added Pin To Net: NetName=3.3V Pin=U1-4
Added Pin To Net: NetName=3.3V Pin=U3-22
Added Pin To Net: NetName=3.3V Pin=U3-23
Added Pin To Net: NetName=3.3V Pin=U4-5
Added Pin To Net: NetName=3.3V Pin=U4-17
Added Pin To Net: NetName=3.3V Pin=U4-38
Added Pin To Net: NetName=3.3V Pin=U5-12
Added Pin To Net: NetName=3.3V Pin=U5-14
Added Pin To Net: NetName=3.3V Pin=U6-8
Added Net: Name=3.3V
Added Pin To Net: NetName=BUTTON_INT Pin=U4-42
Added Pin To Net: NetName=BUTTON_INT Pin=U5-8
Added Net: Name=BUTTON_INT
Added Pin To Net: NetName=DOWN Pin=C17-1
Added Pin To Net: NetName=DOWN Pin=R8-2
Added Pin To Net: NetName=DOWN Pin=S3-3
Added Pin To Net: NetName=DOWN Pin=S3-4
Added Pin To Net: NetName=DOWN Pin=U4-35
Added Pin To Net: NetName=DOWN Pin=U5-2
Added Net: Name=DOWN
Added Pin To Net: NetName=GND Pin=C1-2
Added Pin To Net: NetName=GND Pin=C3-2
Added Pin To Net: NetName=GND Pin=C4-2
Added Pin To Net: NetName=GND Pin=C5-2
Added Pin To Net: NetName=GND Pin=C6-2
Added Pin To Net: NetName=GND Pin=C7-2
Added Pin To Net: NetName=GND Pin=C8-2
Added Pin To Net: NetName=GND Pin=C9-2
Added Pin To Net: NetName=GND Pin=C10-2
Added Pin To Net: NetName=GND Pin=C11-2
Added Pin To Net: NetName=GND Pin=C14-1
Added Pin To Net: NetName=GND Pin=C15-2
Added Pin To Net: NetName=GND Pin=C16-2
Added Pin To Net: NetName=GND Pin=C17-2
Added Pin To Net: NetName=GND Pin=C18-2
Added Pin To Net: NetName=GND Pin=C19-2
Added Pin To Net: NetName=GND Pin=C20-2
Added Pin To Net: NetName=GND Pin=C21-2
Added Pin To Net: NetName=GND Pin=C22-2
Added Pin To Net: NetName=GND Pin=C23-2
Added Pin To Net: NetName=GND Pin=C24-2
Added Pin To Net: NetName=GND Pin=C25-2
Added Pin To Net: NetName=GND Pin=D1-K
Added Pin To Net: NetName=GND Pin=J1-2
Added Pin To Net: NetName=GND Pin=J2-2
Added Pin To Net: NetName=GND Pin=J3-2
Added Pin To Net: NetName=GND Pin=J3-10
Added Pin To Net: NetName=GND Pin=Q1-2
Added Pin To Net: NetName=GND Pin=S1-1
Added Pin To Net: NetName=GND Pin=S2-1
Added Pin To Net: NetName=GND Pin=S2-2
Added Pin To Net: NetName=GND Pin=S3-1
Added Pin To Net: NetName=GND Pin=S3-2
Added Pin To Net: NetName=GND Pin=S4-1
Added Pin To Net: NetName=GND Pin=S4-2
Added Pin To Net: NetName=GND Pin=S5-1
Added Pin To Net: NetName=GND Pin=S5-2
Added Pin To Net: NetName=GND Pin=S6-1
Added Pin To Net: NetName=GND Pin=S6-2
Added Pin To Net: NetName=GND Pin=S7-1
Added Pin To Net: NetName=GND Pin=S7-2
Added Pin To Net: NetName=GND Pin=S8-1
Added Pin To Net: NetName=GND Pin=S8-2
Added Pin To Net: NetName=GND Pin=S9-1
Added Pin To Net: NetName=GND Pin=S9-2
Added Pin To Net: NetName=GND Pin=U1-2
Added Pin To Net: NetName=GND Pin=U1-5
Added Pin To Net: NetName=GND Pin=U2-3
Added Pin To Net: NetName=GND Pin=U3-20
Added Pin To Net: NetName=GND Pin=U3-21
Added Pin To Net: NetName=GND Pin=U4-6
Added Pin To Net: NetName=GND Pin=U4-18
Added Pin To Net: NetName=GND Pin=U4-28
Added Pin To Net: NetName=GND Pin=U4-39
Added Pin To Net: NetName=GND Pin=U5-7
Added Pin To Net: NetName=GND Pin=U6-4
Added Net: Name=GND
Added Pin To Net: NetName=KEY1 Pin=C22-1
Added Pin To Net: NetName=KEY1 Pin=R11-2
Added Pin To Net: NetName=KEY1 Pin=S6-3
Added Pin To Net: NetName=KEY1 Pin=S6-4
Added Pin To Net: NetName=KEY1 Pin=U4-9
Added Pin To Net: NetName=KEY1 Pin=U5-5
Added Net: Name=KEY1
Added Pin To Net: NetName=KEY2 Pin=C23-1
Added Pin To Net: NetName=KEY2 Pin=R12-2
Added Pin To Net: NetName=KEY2 Pin=S7-3
Added Pin To Net: NetName=KEY2 Pin=S7-4
Added Pin To Net: NetName=KEY2 Pin=U4-10
Added Pin To Net: NetName=KEY2 Pin=U5-6
Added Net: Name=KEY2
Added Pin To Net: NetName=KEY3 Pin=C24-1
Added Pin To Net: NetName=KEY3 Pin=R13-2
Added Pin To Net: NetName=KEY3 Pin=S8-3
Added Pin To Net: NetName=KEY3 Pin=S8-4
Added Pin To Net: NetName=KEY3 Pin=U4-11
Added Pin To Net: NetName=KEY3 Pin=U5-11
Added Net: Name=KEY3
Added Pin To Net: NetName=LEFT Pin=C18-1
Added Pin To Net: NetName=LEFT Pin=R9-2
Added Pin To Net: NetName=LEFT Pin=S4-3
Added Pin To Net: NetName=LEFT Pin=S4-4
Added Pin To Net: NetName=LEFT Pin=U4-34
Added Pin To Net: NetName=LEFT Pin=U5-3
Added Net: Name=LEFT
Added Pin To Net: NetName=MISO Pin=U4-2
Added Pin To Net: NetName=MISO Pin=U6-2
Added Net: Name=MISO
Added Pin To Net: NetName=MOSI Pin=U3-24
Added Pin To Net: NetName=MOSI Pin=U4-1
Added Pin To Net: NetName=MOSI Pin=U6-5
Added Net: Name=MOSI
Added Pin To Net: NetName=NetC3_1 Pin=C3-1
Added Pin To Net: NetName=NetC3_1 Pin=R1-2
Added Pin To Net: NetName=NetC3_1 Pin=S1-3
Added Pin To Net: NetName=NetC3_1 Pin=U2-2
Added Net: Name=NetC3_1
Added Pin To Net: NetName=NetC12_1 Pin=C12-1
Added Pin To Net: NetName=NetC12_1 Pin=U3-16
Added Net: Name=NetC12_1
Added Pin To Net: NetName=NetC12_2 Pin=C12-2
Added Pin To Net: NetName=NetC12_2 Pin=U3-19
Added Net: Name=NetC12_2
Added Pin To Net: NetName=NetC13_1 Pin=C13-1
Added Pin To Net: NetName=NetC13_1 Pin=U3-17
Added Net: Name=NetC13_1
Added Pin To Net: NetName=NetC13_2 Pin=C13-2
Added Pin To Net: NetName=NetC13_2 Pin=U3-18
Added Net: Name=NetC13_2
Added Pin To Net: NetName=NetC14_2 Pin=C14-2
Added Pin To Net: NetName=NetC14_2 Pin=U4-29
Added Net: Name=NetC14_2
Added Pin To Net: NetName=NetC15_1 Pin=C15-1
Added Pin To Net: NetName=NetC15_1 Pin=U3-15
Added Net: Name=NetC15_1
Added Pin To Net: NetName=NetD1_A Pin=D1-A
Added Pin To Net: NetName=NetD1_A Pin=R2-2
Added Net: Name=NetD1_A
Added Pin To Net: NetName=NetD2_A Pin=D2-A
Added Pin To Net: NetName=NetD2_A Pin=R3-1
Added Net: Name=NetD2_A
Added Pin To Net: NetName=NetD2_K Pin=D2-K
Added Pin To Net: NetName=NetD2_K Pin=U4-37
Added Net: Name=NetD2_K
Added Pin To Net: NetName=NetL1_1 Pin=L1-1
Added Pin To Net: NetName=NetL1_1 Pin=U1-3
Added Net: Name=NetL1_1
Added Pin To Net: NetName=NetL2_2 Pin=L2-2
Added Pin To Net: NetName=NetL2_2 Pin=U4-27
Added Net: Name=NetL2_2
Added Pin To Net: NetName=NetQ1_1 Pin=Q1-1
Added Pin To Net: NetName=NetQ1_1 Pin=R5-2
Added Net: Name=NetQ1_1
Added Pin To Net: NetName=NetQ1_3 Pin=Q1-3
Added Pin To Net: NetName=NetQ1_3 Pin=U3-2
Added Pin To Net: NetName=NetQ1_3 Pin=U3-13
Added Net: Name=NetQ1_3
Added Pin To Net: NetName=NetR4_2 Pin=R4-2
Added Pin To Net: NetName=NetR4_2 Pin=U3-1
Added Net: Name=NetR4_2
Added Pin To Net: NetName=NetR6_2 Pin=R6-2
Added Pin To Net: NetName=NetR6_2 Pin=U3-14
Added Net: Name=NetR6_2
Added Pin To Net: NetName=PB4 Pin=U4-44
Added Net: Name=PB4
Added Pin To Net: NetName=PC0 Pin=U3-28
Added Pin To Net: NetName=PC0 Pin=U4-19
Added Net: Name=PC0
Added Pin To Net: NetName=PC1 Pin=U3-27
Added Pin To Net: NetName=PC1 Pin=U4-20
Added Net: Name=PC1
Added Pin To Net: NetName=PC6 Pin=U3-26
Added Pin To Net: NetName=PC6 Pin=U4-25
Added Net: Name=PC6
Added Pin To Net: NetName=PD5 Pin=U4-14
Added Pin To Net: NetName=PD5 Pin=U6-1
Added Net: Name=PD5
Added Pin To Net: NetName=PD6 Pin=U4-15
Added Pin To Net: NetName=PD6 Pin=U6-3
Added Net: Name=PD6
Added Pin To Net: NetName=PD7 Pin=U4-16
Added Pin To Net: NetName=PD7 Pin=U6-7
Added Net: Name=PD7
Added Pin To Net: NetName=PWM Pin=R5-1
Added Pin To Net: NetName=PWM Pin=U4-43
Added Net: Name=PWM
Added Pin To Net: NetName=RESET Pin=C25-1
Added Pin To Net: NetName=RESET Pin=R14-2
Added Pin To Net: NetName=RESET Pin=S9-3
Added Pin To Net: NetName=RESET Pin=S9-4
Added Pin To Net: NetName=RESET Pin=U4-4
Added Net: Name=RESET
Added Pin To Net: NetName=RIGHT Pin=C19-1
Added Pin To Net: NetName=RIGHT Pin=R10-2
Added Pin To Net: NetName=RIGHT Pin=S5-3
Added Pin To Net: NetName=RIGHT Pin=S5-4
Added Pin To Net: NetName=RIGHT Pin=U4-33
Added Pin To Net: NetName=RIGHT Pin=U5-4
Added Net: Name=RIGHT
Added Pin To Net: NetName=SCK Pin=U3-25
Added Pin To Net: NetName=SCK Pin=U4-3
Added Pin To Net: NetName=SCK Pin=U6-6
Added Net: Name=SCK
Added Pin To Net: NetName=SOFT_POWER Pin=U1-6
Added Pin To Net: NetName=SOFT_POWER Pin=U2-1
Added Pin To Net: NetName=SOFT_POWER Pin=U2-4
Added Net: Name=SOFT_POWER
Added Pin To Net: NetName=TCK Pin=J3-1
Added Pin To Net: NetName=TCK Pin=U4-21
Added Net: Name=TCK
Added Pin To Net: NetName=TDI Pin=J3-9
Added Pin To Net: NetName=TDI Pin=U4-24
Added Net: Name=TDI
Added Pin To Net: NetName=TDO Pin=J3-3
Added Pin To Net: NetName=TDO Pin=U4-23
Added Net: Name=TDO
Added Pin To Net: NetName=TMS Pin=J3-5
Added Pin To Net: NetName=TMS Pin=U4-22
Added Net: Name=TMS
Added Pin To Net: NetName=UP Pin=C16-1
Added Pin To Net: NetName=UP Pin=R7-2
Added Pin To Net: NetName=UP Pin=S2-3
Added Pin To Net: NetName=UP Pin=S2-4
Added Pin To Net: NetName=UP Pin=U4-36
Added Pin To Net: NetName=UP Pin=U5-1
Added Net: Name=UP
Added Pin To Net: NetName=XTAL1 Pin=C20-1
Added Pin To Net: NetName=XTAL1 Pin=U4-8
Added Pin To Net: NetName=XTAL1 Pin=X1-1
Added Net: Name=XTAL1
Added Pin To Net: NetName=XTAL2 Pin=C21-1
Added Pin To Net: NetName=XTAL2 Pin=U4-7
Added Pin To Net: NetName=XTAL2 Pin=X1-2
Added Net: Name=XTAL2
Added Class: Name=Game_Consol_Power
Added Class: Name=Game_Consol_Top
